<?xml version="1.0" encoding="UTF-8"?>
<!-- Generated by org.testng.reporters.JUnitReportReporter -->
<testsuite skipped="0" hostname="Naveen-Mac.local" name="com.qa.hubspot.tests.LoginPageTest" tests="3" failures="0" timestamp="04 Nov 2019 02:18:42 GMT" time="5.343" errors="0">
  <testcase name="verifyLoginPagTitleTest" time="4.512" classname="com.qa.hubspot.tests.LoginPageTest"/>
  <testcase name="verifySignUpLinkTest" time="0.066" classname="com.qa.hubspot.tests.LoginPageTest"/>
  <testcase name="loginTest" time="0.765" classname="com.qa.hubspot.tests.LoginPageTest"/>
</testsuite> <!-- com.qa.hubspot.tests.LoginPageTest -->
